This is pdfTeX, Version 3.14159265-2.6-1.40.20 (MiKTeX 2.9.7200 64-bit) (preloaded format=pdflatex 2019.10.31)  3 NOV 2019 22:13
entering extended mode
**d:/PaperReading/src/DavidSilverRL/Lec4_ModelFree/Note/lec4.tex
(d:/PaperReading/src/DavidSilverRL/Lec4_ModelFree/Note/lec4.tex
LaTeX2e <2019-10-01>
("C:\Users\lewis\AppData\Local\Programs\MiKTeX 2.9\tex/latex/paper\paper.cls"
Document Class: paper 2008/05/30 1.0l LaTeX document class (wm).
\hours=\count80
\minutes=\count81
("C:\Users\lewis\AppData\Local\Programs\MiKTeX 2.9\tex/latex/base\size12.clo"
File: size12.clo 2019/08/27 v1.4j Standard LaTeX file (size option)
)
\beforetitlespace=\skip41
\c@part=\count82
\c@section=\count83
\c@subsection=\count84
\c@subsubsection=\count85
\c@paragraph=\count86
\c@subparagraph=\count87
\exampleindent=\skip42
\c@figure=\count88
\c@table=\count89
\abovecaptionskip=\skip43
\belowcaptionskip=\skip44
\bibindent=\dimen102
) ("C:\Users\lewis\AppData\Local\Programs\MiKTeX 2.9\tex/latex/graphics\graphicx.sty"
Package: graphicx 2017/06/01 v1.1a Enhanced LaTeX Graphics (DPC,SPQR)
 ("C:\Users\lewis\AppData\Local\Programs\MiKTeX 2.9\tex/latex/graphics\keyval.sty"
Package: keyval 2014/10/28 v1.15 key=value parser (DPC)
\KV@toks@=\toks14
) ("C:\Users\lewis\AppData\Local\Programs\MiKTeX 2.9\tex/latex/graphics\graphics.sty"
Package: graphics 2019/07/20 v1.3b Standard LaTeX Graphics (DPC,SPQR)
 ("C:\Users\lewis\AppData\Local\Programs\MiKTeX 2.9\tex/latex/graphics\trig.sty"
Package: trig 2016/01/03 v1.10 sin cos tan (DPC)
) ("C:\Users\lewis\AppData\Local\Programs\MiKTeX 2.9\tex/latex/graphics-cfg\graphics.cfg"
File: graphics.cfg 2016/06/04 v1.11 sample graphics configuration
)
Package graphics Info: Driver file: pdftex.def on input line 105.
 ("C:\Users\lewis\AppData\Local\Programs\MiKTeX 2.9\tex/latex/graphics-def\pdftex.def"
File: pdftex.def 2018/01/08 v1.0l Graphics/color driver for pdftex
))
\Gin@req@height=\dimen103
\Gin@req@width=\dimen104
) ("C:\Users\lewis\AppData\Local\Programs\MiKTeX 2.9\tex/latex/float\float.sty"
Package: float 2001/11/08 v1.3d Float enhancements (AL)
\c@float@type=\count90
\float@exts=\toks15
\float@box=\box27
\@float@everytoks=\toks16
\@floatcapt=\box28
) ("C:\Users\lewis\AppData\Local\Programs\MiKTeX 2.9\tex/latex/amsmath\amsmath.sty"
Package: amsmath 2019/04/01 v2.17c AMS math features
\@mathmargin=\skip45

For additional information on amsmath, use the `?' option.
("C:\Users\lewis\AppData\Local\Programs\MiKTeX 2.9\tex/latex/amsmath\amstext.sty"
Package: amstext 2000/06/29 v2.01 AMS text
 ("C:\Users\lewis\AppData\Local\Programs\MiKTeX 2.9\tex/latex/amsmath\amsgen.sty"
File: amsgen.sty 1999/11/30 v2.0 generic functions
\@emptytoks=\toks17
\ex@=\dimen105
)) ("C:\Users\lewis\AppData\Local\Programs\MiKTeX 2.9\tex/latex/amsmath\amsbsy.sty"
Package: amsbsy 1999/11/29 v1.2d Bold Symbols
\pmbraise@=\dimen106
) ("C:\Users\lewis\AppData\Local\Programs\MiKTeX 2.9\tex/latex/amsmath\amsopn.sty"
Package: amsopn 2016/03/08 v2.02 operator names
)
\inf@bad=\count91
LaTeX Info: Redefining \frac on input line 227.
\uproot@=\count92
\leftroot@=\count93
LaTeX Info: Redefining \overline on input line 389.
\classnum@=\count94
\DOTSCASE@=\count95
LaTeX Info: Redefining \ldots on input line 486.
LaTeX Info: Redefining \dots on input line 489.
LaTeX Info: Redefining \cdots on input line 610.
\Mathstrutbox@=\box29
\strutbox@=\box30
\big@size=\dimen107
LaTeX Font Info:    Redeclaring font encoding OML on input line 733.
LaTeX Font Info:    Redeclaring font encoding OMS on input line 734.
\macc@depth=\count96
\c@MaxMatrixCols=\count97
\dotsspace@=\muskip10
\c@parentequation=\count98
\dspbrk@lvl=\count99
\tag@help=\toks18
\row@=\count100
\column@=\count101
\maxfields@=\count102
\andhelp@=\toks19
\eqnshift@=\dimen108
\alignsep@=\dimen109
\tagshift@=\dimen110
\tagwidth@=\dimen111
\totwidth@=\dimen112
\lineht@=\dimen113
\@envbody=\toks20
\multlinegap=\skip46
\multlinetaggap=\skip47
\mathdisplay@stack=\toks21
LaTeX Info: Redefining \[ on input line 2855.
LaTeX Info: Redefining \] on input line 2856.
) ("C:\Users\lewis\AppData\Local\Programs\MiKTeX 2.9\tex/latex/amsfonts\amsfonts.sty"
Package: amsfonts 2013/01/14 v3.01 Basic AMSFonts support
\symAMSa=\mathgroup4
\symAMSb=\mathgroup5
LaTeX Font Info:    Redeclaring math symbol \hbar on input line 98.
LaTeX Font Info:    Overwriting math alphabet `\mathfrak' in version `bold'
(Font)                  U/euf/m/n --> U/euf/b/n on input line 106.
) ("C:\Users\lewis\AppData\Local\Programs\MiKTeX 2.9\tex/latex/amscls\amsthm.sty"
Package: amsthm 2017/10/31 v2.20.4
\thm@style=\toks22
\thm@bodyfont=\toks23
\thm@headfont=\toks24
\thm@notefont=\toks25
\thm@headpunct=\toks26
\thm@preskip=\skip48
\thm@postskip=\skip49
\thm@headsep=\skip50
\dth@everypar=\toks27
) (d:/PaperReading\src\DavidSilverRL\Lec4_ModelFree\Note\lec4.aux)
\openout1 = `lec4.aux'.

LaTeX Font Info:    Checking defaults for OML/cmm/m/it on input line 18.
LaTeX Font Info:    ... okay on input line 18.
LaTeX Font Info:    Checking defaults for T1/cmr/m/n on input line 18.
LaTeX Font Info:    ... okay on input line 18.
LaTeX Font Info:    Checking defaults for OT1/cmr/m/n on input line 18.
LaTeX Font Info:    ... okay on input line 18.
LaTeX Font Info:    Checking defaults for OMS/cmsy/m/n on input line 18.
LaTeX Font Info:    ... okay on input line 18.
LaTeX Font Info:    Checking defaults for OMX/cmex/m/n on input line 18.
LaTeX Font Info:    ... okay on input line 18.
LaTeX Font Info:    Checking defaults for U/cmr/m/n on input line 18.
LaTeX Font Info:    ... okay on input line 18.
 ("C:\Users\lewis\AppData\Local\Programs\MiKTeX 2.9\tex/context/base/mkii\supp-pdf.mkii"
[Loading MPS to PDF converter (version 2006.09.02).]
\scratchcounter=\count103
\scratchdimen=\dimen114
\scratchbox=\box31
\nofMPsegments=\count104
\nofMParguments=\count105
\everyMPshowfont=\toks28
\MPscratchCnt=\count106
\MPscratchDim=\dimen115
\MPnumerator=\count107
\makeMPintoPDFobject=\count108
\everyMPtoPDFconversion=\toks29
) ("C:\Users\lewis\AppData\Local\Programs\MiKTeX 2.9\tex/latex/oberdiek\epstopdf-base.sty"
Package: epstopdf-base 2016/05/15 v2.6 Base part for package epstopdf
 ("C:\Users\lewis\AppData\Local\Programs\MiKTeX 2.9\tex/generic/oberdiek\infwarerr.sty"
Package: infwarerr 2016/05/16 v1.4 Providing info/warning/error messages (HO)
) ("C:\Users\lewis\AppData\Local\Programs\MiKTeX 2.9\tex/latex/oberdiek\grfext.sty"
Package: grfext 2016/05/16 v1.2 Manage graphics extensions (HO)
 ("C:\Users\lewis\AppData\Local\Programs\MiKTeX 2.9\tex/generic/oberdiek\kvdefinekeys.sty"
Package: kvdefinekeys 2016/05/16 v1.4 Define keys (HO)
 ("C:\Users\lewis\AppData\Local\Programs\MiKTeX 2.9\tex/generic/oberdiek\ltxcmds.sty"
Package: ltxcmds 2016/05/16 v1.23 LaTeX kernel commands for general use (HO)
))) ("C:\Users\lewis\AppData\Local\Programs\MiKTeX 2.9\tex/latex/oberdiek\kvoptions.sty"
Package: kvoptions 2016/05/16 v3.12 Key value format for package options (HO)
 ("C:\Users\lewis\AppData\Local\Programs\MiKTeX 2.9\tex/generic/oberdiek\kvsetkeys.sty"
Package: kvsetkeys 2016/05/16 v1.17 Key value parser (HO)
 ("C:\Users\lewis\AppData\Local\Programs\MiKTeX 2.9\tex/generic/oberdiek\etexcmds.sty"
Package: etexcmds 2016/05/16 v1.6 Avoid name clashes with e-TeX commands (HO)
 ("C:\Users\lewis\AppData\Local\Programs\MiKTeX 2.9\tex/generic/oberdiek\ifluatex.sty"
Package: ifluatex 2016/05/16 v1.4 Provides the ifluatex switch (HO)
Package ifluatex Info: LuaTeX not detected.
)))) ("C:\Users\lewis\AppData\Local\Programs\MiKTeX 2.9\tex/generic/oberdiek\pdftexcmds.sty"
Package: pdftexcmds 2019/07/25 v0.30 Utility functions of pdfTeX for LuaTeX (HO)
 ("C:\Users\lewis\AppData\Local\Programs\MiKTeX 2.9\tex/generic/oberdiek\ifpdf.sty"
Package: ifpdf 2018/09/07 v3.3 Provides the ifpdf switch
)
Package pdftexcmds Info: LuaTeX not detected.
Package pdftexcmds Info: \pdf@primitive is available.
Package pdftexcmds Info: \pdf@ifprimitive is available.
Package pdftexcmds Info: \pdfdraftmode found.
)
Package epstopdf-base Info: Redefining graphics rule for `.eps' on input line 438.
Package grfext Info: Graphics extension search list:
(grfext)             [.pdf,.png,.jpg,.mps,.jpeg,.jbig2,.jb2,.PDF,.PNG,.JPG,.JPEG,.JBIG2,.JB2,.eps]
(grfext)             \AppendGraphicsExtensions on input line 456.
)
LaTeX Font Info:    Trying to load font information for U+msa on input line 20.
 ("C:\Users\lewis\AppData\Local\Programs\MiKTeX 2.9\tex/latex/amsfonts\umsa.fd"
File: umsa.fd 2013/01/14 v3.01 AMS symbols A
)
LaTeX Font Info:    Trying to load font information for U+msb on input line 20.
 ("C:\Users\lewis\AppData\Local\Programs\MiKTeX 2.9\tex/latex/amsfonts\umsb.fd"
File: umsb.fd 2013/01/14 v3.01 AMS symbols B
)
<v2-52171db8d68b627b78282004c1c564f9_hd.jpg, id=1, 722.7pt x 299.1175pt>
File: v2-52171db8d68b627b78282004c1c564f9_hd.jpg Graphic file (type jpg)
<use v2-52171db8d68b627b78282004c1c564f9_hd.jpg>
Package pdftex.def Info: v2-52171db8d68b627b78282004c1c564f9_hd.jpg  used on input line 45.
(pdftex.def)             Requested size: 390.0pt x 161.41606pt.
 [1


{C:/Users/lewis/AppData/Local/MiKTeX/2.9/pdftex/config/pdftex.map} <d:/PaperReading/src/DavidSilverRL/Lec4_ModelFree/Note/v2-52171db8d68b627b78282004c1c564f9_hd.jpg>]
<firstVisit.png, id=14, 342.68025pt x 179.4705pt>
File: firstVisit.png Graphic file (type png)
<use firstVisit.png>
Package pdftex.def Info: firstVisit.png  used on input line 74.
(pdftex.def)             Requested size: 390.0pt x 204.26437pt.
<everyVisit.png, id=16, 338.4645pt x 192.72pt>
File: everyVisit.png Graphic file (type png)
<use everyVisit.png>
Package pdftex.def Info: everyVisit.png  used on input line 83.
(pdftex.def)             Requested size: 390.0pt x 222.07912pt.


LaTeX Warning: `h' float specifier changed to `ht'.

[2 <d:/PaperReading/src/DavidSilverRL/Lec4_ModelFree/Note/firstVisit.png>]
<TDlearning.png, id=27, 336.0555pt x 168.02776pt>
File: TDlearning.png Graphic file (type png)
<use TDlearning.png>
Package pdftex.def Info: TDlearning.png  used on input line 114.
(pdftex.def)             Requested size: 390.0pt x 195.01231pt.


LaTeX Warning: `h' float specifier changed to `ht'.

<BiasVarianceTradeoff.png, id=28, 448.67625pt x 258.36525pt>
File: BiasVarianceTradeoff.png Graphic file (type png)
<use BiasVarianceTradeoff.png>
Package pdftex.def Info: BiasVarianceTradeoff.png  used on input line 122.
(pdftex.def)             Requested size: 390.0pt x 224.58276pt.

LaTeX Warning: `h' float specifier changed to `ht'.

[3 <d:/PaperReading/src/DavidSilverRL/Lec4_ModelFree/Note/everyVisit.png>]
<AB.png, id=33, 373.395pt x 224.037pt>
File: AB.png Graphic file (type png)
<use AB.png>
Package pdftex.def Info: AB.png  used on input line 147.
(pdftex.def)             Requested size: 390.0pt x 234.01169pt.


LaTeX Warning: `h' float specifier changed to `ht'.

<MCbackup.png, id=34, 325.81725pt x 145.7445pt>
File: MCbackup.png Graphic file (type png)
<use MCbackup.png>
Package pdftex.def Info: MCbackup.png  used on input line 172.
(pdftex.def)             Requested size: 390.0pt x 174.45663pt.
<TDbackup.png, id=35, 372.1905pt x 157.7895pt>
File: TDbackup.png Graphic file (type png)
<use TDbackup.png>
Package pdftex.def Info: TDbackup.png  used on input line 173.
(pdftex.def)             Requested size: 390.0pt x 165.33955pt.
<DPbackup.png, id=36, 342.078pt x 165.61874pt>
File: DPbackup.png Graphic file (type png)
<use DPbackup.png>
Package pdftex.def Info: DPbackup.png  used on input line 174.
(pdftex.def)             Requested size: 390.0pt x 188.82753pt.
[4 <d:/PaperReading/src/DavidSilverRL/Lec4_ModelFree/Note/TDlearning.png>]

LaTeX Warning: `h' float specifier changed to `ht'.


Overfull \vbox (0.84998pt too high) has occurred while \output is active []

 [5 <d:/PaperReading/src/DavidSilverRL/Lec4_ModelFree/Note/BiasVarianceTradeoff.png>]
<back-view.png, id=49, 428.802pt x 254.75175pt>
File: back-view.png Graphic file (type png)
<use back-view.png>
Package pdftex.def Info: back-view.png  used on input line 224.
(pdftex.def)             Requested size: 390.0pt x 231.70782pt.


LaTeX Warning: `h' float specifier changed to `ht'.


Overfull \vbox (0.84998pt too high) has occurred while \output is active []

 [6 <d:/PaperReading/src/DavidSilverRL/Lec4_ModelFree/Note/AB.png>]
Overfull \vbox (0.84998pt too high) has occurred while \output is active []

 [7 <d:/PaperReading/src/DavidSilverRL/Lec4_ModelFree/Note/MCbackup.png> <d:/PaperReading/src/DavidSilverRL/Lec4_ModelFree/Note/TDbackup.png> <d:/PaperReading/src/DavidSilverRL/Lec4_ModelFree/Note/DPbackup.png>]
Overfull \vbox (0.84998pt too high) has occurred while \output is active []

 [8 <d:/PaperReading/src/DavidSilverRL/Lec4_ModelFree/Note/back-view.png>] (d:/PaperReading\src\DavidSilverRL\Lec4_ModelFree\Note\lec4.aux) ) 
Here is how much of TeX's memory you used:
 2583 strings out of 492452
 36135 string characters out of 3120063
 104494 words of memory out of 3000000
 6893 multiletter control sequences out of 15000+200000
 18323 words of font info for 69 fonts, out of 3000000 for 9000
 1141 hyphenation exceptions out of 8191
 46i,9n,30p,325b,270s stack positions out of 5000i,500n,10000p,200000b,50000s
<C:/Users/lewis/AppData/Local/Programs/MiKTeX 2.9/fonts/type1/public/amsfonts/cm/cmbx12.pfb><C:/Users/lewis/AppData/Local/Programs/MiKTeX 2.9/fonts/type1/public/amsfonts/cm/cmex10.pfb><C:/Users/lewis/AppData/Local/Programs/MiKTeX 2.9/fonts/type1/public/amsfonts/cm/cmmi10.pfb><C:/Users/lewis/AppData/Local/Programs/MiKTeX 2.9/fonts/type1/public/amsfonts/cm/cmmi12.pfb><C:/Users/lewis/AppData/Local/Programs/MiKTeX 2.9/fonts/type1/public/amsfonts/cm/cmmi6.pfb><C:/Users/lewis/AppData/Local/Programs/MiKTeX 2.9/fonts/type1/public/amsfonts/cm/cmmi8.pfb><C:/Users/lewis/AppData/Local/Programs/MiKTeX 2.9/fonts/type1/public/amsfonts/cm/cmr10.pfb><C:/Users/lewis/AppData/Local/Programs/MiKTeX 2.9/fonts/type1/public/amsfonts/cm/cmr12.pfb><C:/Users/lewis/AppData/Local/Programs/MiKTeX 2.9/fonts/type1/public/amsfonts/cm/cmr6.pfb><C:/Users/lewis/AppData/Local/Programs/MiKTeX 2.9/fonts/type1/public/amsfonts/cm/cmr8.pfb><C:/Users/lewis/AppData/Local/Programs/MiKTeX 2.9/fonts/type1/public/amsfonts/cm/cmss10.pfb><C:/Users/lewis/AppData/Local/Programs/MiKTeX 2.9/fonts/type1/public/amsfonts/cm/cmssbx10.pfb><C:/Users/lewis/AppData/Local/Programs/MiKTeX 2.9/fonts/type1/public/amsfonts/cm/cmssi17.pfb><C:/Users/lewis/AppData/Local/Programs/MiKTeX 2.9/fonts/type1/public/amsfonts/cm/cmsy10.pfb><C:/Users/lewis/AppData/Local/Programs/MiKTeX 2.9/fonts/type1/public/amsfonts/cm/cmsy6.pfb><C:/Users/lewis/AppData/Local/Programs/MiKTeX 2.9/fonts/type1/public/amsfonts/cm/cmsy8.pfb><C:/Users/lewis/AppData/Local/Programs/MiKTeX 2.9/fonts/type1/public/amsfonts/cm/cmti12.pfb><C:/Users/lewis/AppData/Local/Programs/MiKTeX 2.9/fonts/type1/public/amsfonts/symbols/msbm10.pfb>
Output written on d:/PaperReading\src\DavidSilverRL\Lec4_ModelFree\Note\lec4.pdf (8 pages, 592936 bytes).
PDF statistics:
 121 PDF objects out of 1000 (max. 8388607)
 0 named destinations out of 1000 (max. 500000)
 51 words of extra memory for PDF output out of 10000 (max. 10000000)

